*** Using Compiler 'V5.06 update 7 (build 960)', folder: 'D:\software\Keil\core\ARM\ARM_Compiler_5.06u7\Bin'
Rebuild target 'task_can1 and can2 f4rgt6'
assembling startup_stm32f405xx.s...
compiling stm32f4xx_hal_msp.c...
compiling gpio.c...
compiling stm32f4xx_hal_timebase_tim.c...
compiling stm32f4xx_hal_flash_ramfunc.c...
compiling stm32f4xx_it.c...
compiling usart.c...
compiling stm32f4xx_hal_flash_ex.c...
compiling stm32f4xx_hal_flash.c...
compiling freertos.c...
compiling stm32f4xx_hal_rcc_ex.c...
compiling stm32f4xx_hal_can.c...
compiling stm32f4xx_hal_rcc.c...
compiling main.c...
compiling can.c...
../Core/Src/can.c(340): warning:  #870-D: invalid multibyte character sequence
  			printf("Êï∞ÊçÆÂ∏ßÊï∞Êç?:");
../Core/Src/can.c(364): warning:  #870-D: invalid multibyte character sequence
  			printf("Êï∞ÊçÆÂ∏ßÊï∞Êç?:");
../Core/Src/can.c(445): warning:  #177-D: variable "CAN_Message_Rx"  was declared but never referenced
     CAN_Message_t CAN_Message_Rx;
../Core/Src/can.c: 3 warnings, 0 errors
compiling croutine.c...
compiling event_groups.c...
compiling list.c...
compiling queue.c...
compiling stream_buffer.c...
compiling tasks.c...
compiling timers.c...
compiling heap_4.c...
compiling port.c...
compiling stm32f4xx_hal_pwr_ex.c...
compiling stm32f4xx_hal_pwr.c...
compiling stm32f4xx_hal_dma.c...
compiling stm32f4xx_hal.c...
compiling system_stm32f4xx.c...
compiling stm32f4xx_hal_gpio.c...
compiling stm32f4xx_hal_exti.c...
compiling stm32f4xx_hal_cortex.c...
compiling stm32f4xx_hal_tim_ex.c...
compiling stm32f4xx_hal_dma_ex.c...
compiling stm32f4xx_hal_uart.c...
compiling stm32f4xx_hal_tim.c...
compiling cmsis_os2.c...
linking...
Program Size: Code=20284 RO-data=712 RW-data=164 ZI-data=19892  
FromELF: creating hex file...
"task_can1 and can2 f4rgt6\task_can1 and can2 f4rgt6.axf" - 0 Error(s), 3 Warning(s).
Build Time Elapsed:  00:00:10
