*** Using Compiler 'V5.06 update 7 (build 960)', folder: 'D:\software\Keil\core\ARM\ARM_Compiler_5.06u7\Bin'
Rebuild target 'Task_CAN_Drive_djMotor'
assembling startup_stm32f405xx.s...
compiling stm32f4xx_hal_flash_ramfunc.c...
compiling stm32f4xx_hal_msp.c...
compiling stm32f4xx_hal_timebase_tim.c...
compiling stm32f4xx_hal_flash_ex.c...
compiling stm32f4xx_it.c...
compiling stm32f4xx_hal_rcc_ex.c...
compiling stm32f4xx_hal_flash.c...
compiling gpio.c...
compiling usart.c...
compiling can.c...
compiling freertos.c...
compiling main.c...
compiling stm32f4xx_hal_can.c...
compiling stm32f4xx_hal_rcc.c...
compiling event_groups.c...
compiling croutine.c...
compiling list.c...
compiling queue.c...
compiling stream_buffer.c...
compiling timers.c...
compiling tasks.c...
compiling heap_4.c...
compiling port.c...
compiling stm32f4xx_hal_pwr.c...
compiling system_stm32f4xx.c...
compiling stm32f4xx_hal_dma.c...
compiling stm32f4xx_hal_gpio.c...
compiling stm32f4xx_hal_cortex.c...
compiling stm32f4xx_hal_exti.c...
compiling stm32f4xx_hal_pwr_ex.c...
compiling stm32f4xx_hal.c...
compiling stm32f4xx_hal_dma_ex.c...
compiling stm32f4xx_hal_tim_ex.c...
compiling stm32f4xx_hal_uart.c...
compiling stm32f4xx_hal_tim.c...
compiling cmsis_os2.c...
linking...
Program Size: Code=13284 RO-data=496 RW-data=148 ZI-data=19852  
FromELF: creating hex file...
"Task_CAN_Drive_djMotor\Task_CAN_Drive_djMotor.axf" - 0 Error(s), 0 Warning(s).
Build Time Elapsed:  00:00:05
