*** Using Compiler 'V5.06 update 7 (build 960)', folder: 'D:\software\Keil\core\ARM\ARM_Compiler_5.06u7\Bin'
Rebuild target 'task_read_IMU'
assembling startup_stm32f103xb.s...
compiling tim.c...
compiling stm32f1xx_it.c...
compiling stm32f1xx_hal_gpio_ex.c...
compiling stm32f1xx_hal_timebase_tim.c...
compiling gpio.c...
compiling stm32f1xx_hal_msp.c...
compiling stm32f1xx_hal_rcc_ex.c...
compiling stm32f1xx_hal_cortex.c...
compiling stm32f1xx_hal_gpio.c...
compiling stm32f1xx_hal.c...
compiling stm32f1xx_hal_dma.c...
compiling main.c...
compiling freertos.c...
compiling stm32f1xx_hal_rcc.c...
compiling croutine.c...
compiling list.c...
compiling event_groups.c...
compiling stream_buffer.c...
compiling queue.c...
compiling timers.c...
compiling heap_4.c...
compiling tasks.c...
compiling port.c...
compiling cmsis_os2.c...
compiling stm32f1xx_hal_pwr.c...
compiling stm32f1xx_hal_flash.c...
compiling stm32f1xx_hal_exti.c...
compiling system_stm32f1xx.c...
compiling stm32f1xx_hal_flash_ex.c...
compiling stm32f1xx_hal_tim_ex.c...
compiling delay.c...
compiling sys.c...
compiling mpu6050.c...
compiling OLED.c...
..\task_read_IMU_c8t6_myBSP\driver_Hardware\OLED\OLED.c(46): warning:  #188-D: enumerated type mixed with another type
  		OLED_W_SDA(Byte & (0x80 >> i));
..\task_read_IMU_c8t6_myBSP\driver_Hardware\OLED\OLED.c: 1 warning, 0 errors
compiling mpuiic.c...
..\task_read_IMU_c8t6_myBSP\driver_Hardware\MPU6050\mpuiic.c(55): warning:  #61-D: integer operation result is out of range
  	MPU_SDA_IN();      //SDAè®¾ç½®ä¸ºè¾“å…?  
..\task_read_IMU_c8t6_myBSP\driver_Hardware\MPU6050\mpuiic.c(55): warning:  #68-D: integer conversion resulted in a change of sign
  	MPU_SDA_IN();      //SDAè®¾ç½®ä¸ºè¾“å…?  
..\task_read_IMU_c8t6_myBSP\driver_Hardware\MPU6050\mpuiic.c(115): warning:  #61-D: integer operation result is out of range
  	MPU_SDA_IN();//SDAè®¾ç½®ä¸ºè¾“å…?
..\task_read_IMU_c8t6_myBSP\driver_Hardware\MPU6050\mpuiic.c(115): warning:  #68-D: integer conversion resulted in a change of sign
  	MPU_SDA_IN();//SDAè®¾ç½®ä¸ºè¾“å…?
..\task_read_IMU_c8t6_myBSP\driver_Hardware\MPU6050\mpuiic.c: 4 warnings, 0 errors
compiling stm32f1xx_hal_tim.c...
compiling inv_mpu_dmp_motion_driver.c...
compiling inv_mpu.c...
linking...
Program Size: Code=36660 RO-data=5912 RW-data=212 ZI-data=9684  
FromELF: creating hex file...
"task_read_IMU\task_read_IMU.axf" - 0 Error(s), 5 Warning(s).
Build Time Elapsed:  00:00:03
